Using pre-set license
Built from '2020.3/staging' branch; Version is '2020.3.25f1 (9b9180224418) revision 10195328'; Using compiler version '192528614'; Build Type 'Release'
OS: 'Windows 10  (10.0.19044) 64bit Core' Language: 'fr' Physical Memory: 32614 MB
BatchMode: 1, IsHumanControllingUs: 0, StartBugReporterOnCrash: 0, Is64bit: 1, IsPro: 0

COMMAND LINE ARGUMENTS:
C:\Program Files\Unity\Hub\Editor\2020.3.25f1\Editor\Unity.exe
-adb2
-batchMode
-noUpm
-name
AssetImportWorker0
-projectPath
D:/Apps/unity/Projets/NoPepeSky
-logFile
Logs/AssetImportWorker0.log
-srvPort
64690
Successfully changed project path to: D:/Apps/unity/Projets/NoPepeSky
D:/Apps/unity/Projets/NoPepeSky
Using Asset Import Pipeline V2.
Refreshing native plugins compatible for Editor in 60.35 ms, found 2 plugins.
Preloading 0 native plugins for Editor in 0.00 ms.
Initialize engine version: 2020.3.25f1 (9b9180224418)
[Subsystems] Discovering subsystems at path C:/Program Files/Unity/Hub/Editor/2020.3.25f1/Editor/Data/Resources/UnitySubsystems
[Subsystems] Discovering subsystems at path D:/Apps/unity/Projets/NoPepeSky/Assets
GfxDevice: creating device client; threaded=0
Direct3D:
    Version:  Direct3D 11.0 [level 11.1]
    Renderer: NVIDIA GeForce GTX 1050 Ti with Max-Q Design (ID=0x1c8f)
    Vendor:   
    VRAM:     4021 MB
    Driver:   30.0.15.1215
Initialize mono
Mono path[0] = 'C:/Program Files/Unity/Hub/Editor/2020.3.25f1/Editor/Data/Managed'
Mono path[1] = 'C:/Program Files/Unity/Hub/Editor/2020.3.25f1/Editor/Data/MonoBleedingEdge/lib/mono/unityjit'
Mono config path = 'C:/Program Files/Unity/Hub/Editor/2020.3.25f1/Editor/Data/MonoBleedingEdge/etc'
Using monoOptions --debugger-agent=transport=dt_socket,embedding=1,server=y,suspend=n,address=127.0.0.1:56468
Begin MonoManager ReloadAssembly
Registering precompiled unity dll's ...
Register platform support module: C:/Program Files/Unity/Hub/Editor/2020.3.25f1/Editor/Data/PlaybackEngines/WindowsStandaloneSupport/UnityEditor.WindowsStandalone.Extensions.dll
Registered in 0.002054 seconds.
Native extension for WindowsStandalone target not found
Refreshing native plugins compatible for Editor in 66.60 ms, found 2 plugins.
Preloading 0 native plugins for Editor in 0.00 ms.
Mono: successfully reloaded assembly
- Completed reload, in  0.590 seconds
Domain Reload Profiling:
	ReloadAssembly (590ms)
		BeginReloadAssembly (52ms)
			ExecutionOrderSort (0ms)
			DisableScriptedObjects (0ms)
			BackupInstance (0ms)
			ReleaseScriptingObjects (0ms)
			CreateAndSetChildDomain (1ms)
		EndReloadAssembly (467ms)
			LoadAssemblies (50ms)
			RebuildTransferFunctionScriptingTraits (0ms)
			SetupTypeCache (148ms)
			ReleaseScriptCaches (0ms)
			RebuildScriptCaches (30ms)
			SetupLoadedEditorAssemblies (192ms)
				LogAssemblyErrors (0ms)
				InitializePlatformSupportModulesInManaged (4ms)
				SetLoadedEditorAssemblies (0ms)
				RefreshPlugins (67ms)
				BeforeProcessingInitializeOnLoad (16ms)
				ProcessInitializeOnLoadAttributes (76ms)
				ProcessInitializeOnLoadMethodAttributes (29ms)
				AfterProcessingInitializeOnLoad (0ms)
				EditorAssembliesLoaded (0ms)
			ExecutionOrderSort2 (0ms)
			AwakeInstancesAfterBackupRestoration (0ms)
Platform modules already initialized, skipping
Registering precompiled user dll's ...
Registered in 0.003589 seconds.
Begin MonoManager ReloadAssembly
Native extension for WindowsStandalone target not found
Refreshing native plugins compatible for Editor in 57.58 ms, found 2 plugins.
Preloading 0 native plugins for Editor in 0.00 ms.
Mono: successfully reloaded assembly
- Completed reload, in  1.123 seconds
Domain Reload Profiling:
	ReloadAssembly (1124ms)
		BeginReloadAssembly (137ms)
			ExecutionOrderSort (0ms)
			DisableScriptedObjects (4ms)
			BackupInstance (0ms)
			ReleaseScriptingObjects (0ms)
			CreateAndSetChildDomain (17ms)
		EndReloadAssembly (928ms)
			LoadAssemblies (86ms)
			RebuildTransferFunctionScriptingTraits (0ms)
			SetupTypeCache (320ms)
			ReleaseScriptCaches (1ms)
			RebuildScriptCaches (66ms)
			SetupLoadedEditorAssemblies (345ms)
				LogAssemblyErrors (0ms)
				InitializePlatformSupportModulesInManaged (3ms)
				SetLoadedEditorAssemblies (0ms)
				RefreshPlugins (58ms)
				BeforeProcessingInitializeOnLoad (92ms)
				ProcessInitializeOnLoadAttributes (174ms)
				ProcessInitializeOnLoadMethodAttributes (10ms)
				AfterProcessingInitializeOnLoad (7ms)
				EditorAssembliesLoaded (0ms)
			ExecutionOrderSort2 (0ms)
			AwakeInstancesAfterBackupRestoration (6ms)
Platform modules already initialized, skipping
========================================================================
Worker process is ready to serve import requests
Launched and connected shader compiler UnityShaderCompiler.exe after 0.08 seconds
Refreshing native plugins compatible for Editor in 0.68 ms, found 2 plugins.
Preloading 0 native plugins for Editor in 0.00 ms.
Unloading 3340 Unused Serialized files (Serialized files now loaded: 0)
System memory in use before: 152.7 MB.
System memory in use after: 152.9 MB.

Unloading 20 unused Assets to reduce memory usage. Loaded Objects now: 3792.
Total: 3.782400 ms (FindLiveObjects: 0.260700 ms CreateObjectMapping: 0.137600 ms MarkObjects: 3.289100 ms  DeleteObjects: 0.094300 ms)

AssetImportParameters requested are different than current active one (requested -> active):
  custom:framework-win-MediaFoundation: 216162199b28c13a410421893ffa2e32 -> 
  custom:video-decoder-ogg-theora: a1e56fd34408186e4bbccfd4996cb3dc -> 
  custom:container-muxer-webm: aa71ff27fc2769a1b78a27578f13a17b -> 
  custom:container-demuxer-webm: 4f35f7cbe854078d1ac9338744f61a02 -> 
  custom:container-demuxer-ogg: 62fdf1f143b41e24485cea50d1cbac27 -> 
  custom:video-encoder-webm-vp8: eb34c28f22e8b96e1ab97ce403110664 -> 
  custom:video-codec-MediaFoundation-h265: 746d11721c4dcdbdad8f713fa42b33f4 -> 
  custom:video-decoder-webm-vp8: 9c59270c3fd7afecdb556c50c9e8de78 -> 
  custom:audio-decoder-ogg-vorbis: bf7c407c2cedff20999df2af8eb42d56 -> 
  custom:audio-encoder-webm-vorbis: bf7c407c2cedff20999df2af8eb42d56 -> 
========================================================================
Received Import Request.
  path: Assets/3DObjects/barrel fbx.fbx
  artifactKey: Guid(4a1288583a2ab1843bee1c1edea6d1bb) Importer(815301076,1909f56bfc062723c751e8b465ee728b)
Start importing Assets/3DObjects/barrel fbx.fbx using Guid(4a1288583a2ab1843bee1c1edea6d1bb) Importer(815301076,1909f56bfc062723c751e8b465ee728b)  -> (artifact id: 'aa218f46f4a5970fec997d4e4f18976d') in 0.645242 seconds 
  Import took 0.650835 seconds .

========================================================================
Received Import Request.
  Time since last request: 13.645789 seconds.
  path: Assets/3DObjects/Barel
  artifactKey: Guid(27ffd2247fbff1245b458d82f2112d7c) Importer(815301076,1909f56bfc062723c751e8b465ee728b)
Start importing Assets/3DObjects/Barel using Guid(27ffd2247fbff1245b458d82f2112d7c) Importer(815301076,1909f56bfc062723c751e8b465ee728b)  -> (artifact id: '243cc48d5a932ded329fdeb200aaba8d') in 0.005983 seconds 
  Import took 0.011734 seconds .

========================================================================
Received Import Request.
  Time since last request: 11.877578 seconds.
  path: Assets/3DObjects/Barel/Channel_phong1_Diffuse.png
  artifactKey: Guid(39e39e310ffbbd0418e0554eb0759f38) Importer(815301076,1909f56bfc062723c751e8b465ee728b)
Start importing Assets/3DObjects/Barel/Channel_phong1_Diffuse.png using Guid(39e39e310ffbbd0418e0554eb0759f38) Importer(815301076,1909f56bfc062723c751e8b465ee728b)  -> (artifact id: '990b89c29d85a7a80c0ad39ef0717ac3') in 0.078545 seconds 
  Import took 0.084357 seconds .

========================================================================
Received Import Request.
  Time since last request: 2.909160 seconds.
  path: Assets/Prefabs/Player.prefab
  artifactKey: Guid(d4e68f61b9dcd8940a237e132a4e0205) Importer(815301076,1909f56bfc062723c751e8b465ee728b)
Start importing Assets/Prefabs/Player.prefab using Guid(d4e68f61b9dcd8940a237e132a4e0205) Importer(815301076,1909f56bfc062723c751e8b465ee728b)  -> (artifact id: 'cbcfdda621ff06b04ec4f0ac1d6e1689') in 0.132376 seconds 
  Import took 0.140223 seconds .

========================================================================
Received Import Request.
  Time since last request: 5.934823 seconds.
  path: Assets/Prefabs/Barel.prefab
  artifactKey: Guid(21e54218def5c4140a8ca3c38b52e227) Importer(815301076,1909f56bfc062723c751e8b465ee728b)
Start importing Assets/Prefabs/Barel.prefab using Guid(21e54218def5c4140a8ca3c38b52e227) Importer(815301076,1909f56bfc062723c751e8b465ee728b)  -> (artifact id: '9ff53810588e24a7ccdec68f5eae119d') in 0.004678 seconds 
  Import took 0.010410 seconds .

========================================================================
Received Import Request.
  Time since last request: 16.619912 seconds.
  path: Assets/3DObjects/Barel/Materials
  artifactKey: Guid(0b81a396dfdab0b4398a04d48bddd283) Importer(815301076,1909f56bfc062723c751e8b465ee728b)
Start importing Assets/3DObjects/Barel/Materials using Guid(0b81a396dfdab0b4398a04d48bddd283) Importer(815301076,1909f56bfc062723c751e8b465ee728b)  -> (artifact id: '35f70a980f17689c1c7d3d827a0fa7b1') in 0.002179 seconds 
  Import took 0.010026 seconds .

========================================================================
Received Import Request.
  Time since last request: 0.055022 seconds.
  path: Assets/3DObjects/Barel/Materials/Channel_phong1_Diffuse.mat
  artifactKey: Guid(c5814e2d8dbc7bc45a60a983507948d4) Importer(815301076,1909f56bfc062723c751e8b465ee728b)
Start importing Assets/3DObjects/Barel/Materials/Channel_phong1_Diffuse.mat using Guid(c5814e2d8dbc7bc45a60a983507948d4) Importer(815301076,1909f56bfc062723c751e8b465ee728b)  -> (artifact id: '15fa6661e6d0233fe53ac3bf9756de88') in 0.044473 seconds 
  Import took 0.050979 seconds .

========================================================================
Received Import Request.
  Time since last request: 36.194795 seconds.
  path: Assets/Prefabs/Barel.prefab
  artifactKey: Guid(21e54218def5c4140a8ca3c38b52e227) Importer(815301076,1909f56bfc062723c751e8b465ee728b)
Start importing Assets/Prefabs/Barel.prefab using Guid(21e54218def5c4140a8ca3c38b52e227) Importer(815301076,1909f56bfc062723c751e8b465ee728b)  -> (artifact id: 'a336bcc79a1ab47f59022c0bd4b70bb8') in 0.034153 seconds 
  Import took 0.042199 seconds .

========================================================================
Received Import Request.
  Time since last request: 11.663545 seconds.
  path: Assets/Prefabs/Barel.prefab
  artifactKey: Guid(21e54218def5c4140a8ca3c38b52e227) Importer(815301076,1909f56bfc062723c751e8b465ee728b)
Start importing Assets/Prefabs/Barel.prefab using Guid(21e54218def5c4140a8ca3c38b52e227) Importer(815301076,1909f56bfc062723c751e8b465ee728b)  -> (artifact id: '483bb29e6e18777262c16b01bde5e057') in 0.018182 seconds 
  Import took 0.024039 seconds .

========================================================================
Received Import Request.
  Time since last request: 0.783683 seconds.
  path: Assets/Prefabs/Barel.prefab
  artifactKey: Guid(21e54218def5c4140a8ca3c38b52e227) Importer(815301076,1909f56bfc062723c751e8b465ee728b)
Start importing Assets/Prefabs/Barel.prefab using Guid(21e54218def5c4140a8ca3c38b52e227) Importer(815301076,1909f56bfc062723c751e8b465ee728b)  -> (artifact id: '3fda9a7102fb247d4d3a110eda202f63') in 0.020635 seconds 
  Import took 0.028152 seconds .

========================================================================
Received Import Request.
  Time since last request: 2.270984 seconds.
  path: Assets/Prefabs/Barel.prefab
  artifactKey: Guid(21e54218def5c4140a8ca3c38b52e227) Importer(815301076,1909f56bfc062723c751e8b465ee728b)
Start importing Assets/Prefabs/Barel.prefab using Guid(21e54218def5c4140a8ca3c38b52e227) Importer(815301076,1909f56bfc062723c751e8b465ee728b)  -> (artifact id: 'c9815f5646a1e735f1398c8da8400625') in 0.018229 seconds 
  Import took 0.024257 seconds .

========================================================================
Received Import Request.
  Time since last request: 8.391114 seconds.
  path: Assets/Prefabs/Barel.prefab
  artifactKey: Guid(21e54218def5c4140a8ca3c38b52e227) Importer(815301076,1909f56bfc062723c751e8b465ee728b)
Start importing Assets/Prefabs/Barel.prefab using Guid(21e54218def5c4140a8ca3c38b52e227) Importer(815301076,1909f56bfc062723c751e8b465ee728b)  -> (artifact id: 'b5954f56b97b8d1983d9a28ed91510dd') in 0.016242 seconds 
  Import took 0.022327 seconds .

========================================================================
Received Import Request.
  Time since last request: 2.688588 seconds.
  path: Assets/Prefabs/Barel.prefab
  artifactKey: Guid(21e54218def5c4140a8ca3c38b52e227) Importer(815301076,1909f56bfc062723c751e8b465ee728b)
Start importing Assets/Prefabs/Barel.prefab using Guid(21e54218def5c4140a8ca3c38b52e227) Importer(815301076,1909f56bfc062723c751e8b465ee728b)  -> (artifact id: '13656f531bbb243fd490f762b358421e') in 0.019131 seconds 
  Import took 0.026087 seconds .

========================================================================
Received Import Request.
  Time since last request: 5.113272 seconds.
  path: Assets/Prefabs/Barel.prefab
  artifactKey: Guid(21e54218def5c4140a8ca3c38b52e227) Importer(815301076,1909f56bfc062723c751e8b465ee728b)
Start importing Assets/Prefabs/Barel.prefab using Guid(21e54218def5c4140a8ca3c38b52e227) Importer(815301076,1909f56bfc062723c751e8b465ee728b)  -> (artifact id: 'e2f9a186951230dbb638bff262b1b42c') in 0.018756 seconds 
  Import took 0.026182 seconds .

========================================================================
Received Prepare
Registering precompiled user dll's ...
Registered in 0.003631 seconds.
Begin MonoManager ReloadAssembly
Native extension for WindowsStandalone target not found
Refreshing native plugins compatible for Editor in 0.66 ms, found 2 plugins.
Preloading 0 native plugins for Editor in 0.00 ms.
Mono: successfully reloaded assembly
- Completed reload, in  1.398 seconds
Domain Reload Profiling:
	ReloadAssembly (1399ms)
		BeginReloadAssembly (159ms)
			ExecutionOrderSort (0ms)
			DisableScriptedObjects (7ms)
			BackupInstance (0ms)
			ReleaseScriptingObjects (0ms)
			CreateAndSetChildDomain (47ms)
		EndReloadAssembly (1163ms)
			LoadAssemblies (108ms)
			RebuildTransferFunctionScriptingTraits (0ms)
			SetupTypeCache (411ms)
			ReleaseScriptCaches (2ms)
			RebuildScriptCaches (78ms)
			SetupLoadedEditorAssemblies (394ms)
				LogAssemblyErrors (0ms)
				InitializePlatformSupportModulesInManaged (4ms)
				SetLoadedEditorAssemblies (1ms)
				RefreshPlugins (1ms)
				BeforeProcessingInitializeOnLoad (125ms)
				ProcessInitializeOnLoadAttributes (243ms)
				ProcessInitializeOnLoadMethodAttributes (12ms)
				AfterProcessingInitializeOnLoad (8ms)
				EditorAssembliesLoaded (0ms)
			ExecutionOrderSort2 (0ms)
			AwakeInstancesAfterBackupRestoration (20ms)
Platform modules already initialized, skipping
Refreshing native plugins compatible for Editor in 0.74 ms, found 2 plugins.
Preloading 0 native plugins for Editor in 0.00 ms.
Unloading 3223 Unused Serialized files (Serialized files now loaded: 0)
System memory in use before: 163.5 MB.
System memory in use after: 163.8 MB.

Unloading 15 unused Assets to reduce memory usage. Loaded Objects now: 3878.
Total: 5.930700 ms (FindLiveObjects: 0.294100 ms CreateObjectMapping: 0.171200 ms MarkObjects: 5.440500 ms  DeleteObjects: 0.023200 ms)

AssetImportParameters requested are different than current active one (requested -> active):
  custom:framework-win-MediaFoundation: 216162199b28c13a410421893ffa2e32 -> 
  custom:video-decoder-ogg-theora: a1e56fd34408186e4bbccfd4996cb3dc -> 
  custom:container-muxer-webm: aa71ff27fc2769a1b78a27578f13a17b -> 
  custom:container-demuxer-webm: 4f35f7cbe854078d1ac9338744f61a02 -> 
  custom:container-demuxer-ogg: 62fdf1f143b41e24485cea50d1cbac27 -> 
  custom:video-encoder-webm-vp8: eb34c28f22e8b96e1ab97ce403110664 -> 
  custom:video-codec-MediaFoundation-h265: 746d11721c4dcdbdad8f713fa42b33f4 -> 
  custom:video-decoder-webm-vp8: 9c59270c3fd7afecdb556c50c9e8de78 -> 
  custom:audio-decoder-ogg-vorbis: bf7c407c2cedff20999df2af8eb42d56 -> 
  custom:audio-encoder-webm-vorbis: bf7c407c2cedff20999df2af8eb42d56 -> 
========================================================================
Received Import Request.
  Time since last request: 234.041454 seconds.
  path: Assets/3DObjects/stone-wall
  artifactKey: Guid(a7cf80614e5abab4584c5e7040fa73b9) Importer(815301076,1909f56bfc062723c751e8b465ee728b)
Start importing Assets/3DObjects/stone-wall using Guid(a7cf80614e5abab4584c5e7040fa73b9) Importer(815301076,1909f56bfc062723c751e8b465ee728b)  -> (artifact id: '7fc17b8ca5a261992eaad4271a4aa3e4') in 0.009786 seconds 
  Import took 0.016798 seconds .

========================================================================
Received Import Request.
  Time since last request: 2.317380 seconds.
  path: Assets/3DObjects/stone-wall/source
  artifactKey: Guid(810f272526ff4974ab7351bcb59603e8) Importer(815301076,1909f56bfc062723c751e8b465ee728b)
Start importing Assets/3DObjects/stone-wall/source using Guid(810f272526ff4974ab7351bcb59603e8) Importer(815301076,1909f56bfc062723c751e8b465ee728b)  -> (artifact id: '7425b74831e05227584ebcff6ceb5792') in 0.007847 seconds 
  Import took 0.015491 seconds .

========================================================================
Received Import Request.
  Time since last request: 0.150035 seconds.
  path: Assets/3DObjects/stone-wall/source/stone_wall.fbx
  artifactKey: Guid(c9aa7874993f8ed42a888925e0266cbd) Importer(815301076,1909f56bfc062723c751e8b465ee728b)
Start importing Assets/3DObjects/stone-wall/source/stone_wall.fbx using Guid(c9aa7874993f8ed42a888925e0266cbd) Importer(815301076,1909f56bfc062723c751e8b465ee728b)  -> (artifact id: 'f56e0d7c37f9a915fa77cca056847fdb') in 0.310626 seconds 
  Import took 0.319024 seconds .

========================================================================
Received Import Request.
  Time since last request: 24.062122 seconds.
  path: Assets/Prefabs/WallRuine.prefab
  artifactKey: Guid(b3f64e77898c3b34c91884163c05fd2c) Importer(815301076,1909f56bfc062723c751e8b465ee728b)
Start importing Assets/Prefabs/WallRuine.prefab using Guid(b3f64e77898c3b34c91884163c05fd2c) Importer(815301076,1909f56bfc062723c751e8b465ee728b)  -> (artifact id: 'fdbd959adf7d6aa084e011107625c1b7') in 0.010966 seconds 
  Import took 0.019085 seconds .

========================================================================
Received Import Request.
  Time since last request: 15.209865 seconds.
  path: Assets/3DObjects/stone-wall/textures
  artifactKey: Guid(14c563b5c14918d41bbcaa644d3d257e) Importer(815301076,1909f56bfc062723c751e8b465ee728b)
Start importing Assets/3DObjects/stone-wall/textures using Guid(14c563b5c14918d41bbcaa644d3d257e) Importer(815301076,1909f56bfc062723c751e8b465ee728b)  -> (artifact id: '5babbf4578dbbe357207f4b2cf537370') in 0.007661 seconds 
  Import took 0.014881 seconds .

========================================================================
Received Import Request.
  Time since last request: 0.049720 seconds.
  path: Assets/3DObjects/stone-wall/textures/stone_wall_low_stone_wall_low_BaseColor.jpg
  artifactKey: Guid(0c2e032de6241544aad986cab6aba0e5) Importer(815301076,1909f56bfc062723c751e8b465ee728b)
Start importing Assets/3DObjects/stone-wall/textures/stone_wall_low_stone_wall_low_BaseColor.jpg using Guid(0c2e032de6241544aad986cab6aba0e5) Importer(815301076,1909f56bfc062723c751e8b465ee728b)  -> (artifact id: '925a498a09eab7d67b1005c0f5c0edc2') in 0.021299 seconds 
  Import took 0.027160 seconds .

========================================================================
Received Import Request.
  Time since last request: 0.000323 seconds.
  path: Assets/3DObjects/stone-wall/textures/stone_wall_low_stone_wall_low_Normal.jpg
  artifactKey: Guid(9664d884efdd2324ca3dfb4f3c1c85b9) Importer(815301076,1909f56bfc062723c751e8b465ee728b)
Start importing Assets/3DObjects/stone-wall/textures/stone_wall_low_stone_wall_low_Normal.jpg using Guid(9664d884efdd2324ca3dfb4f3c1c85b9) Importer(815301076,1909f56bfc062723c751e8b465ee728b)  -> (artifact id: 'c71f01777ad5ebd6ae6818d22aee3b85') in 0.015821 seconds 
  Import took 0.021741 seconds .

========================================================================
Received Import Request.
  Time since last request: 0.000311 seconds.
  path: Assets/3DObjects/stone-wall/textures/stone_wall_low_stone_wall_low_Roughness.jpg
  artifactKey: Guid(6270fe1f81c103041a9cf3672cf33932) Importer(815301076,1909f56bfc062723c751e8b465ee728b)
Start importing Assets/3DObjects/stone-wall/textures/stone_wall_low_stone_wall_low_Roughness.jpg using Guid(6270fe1f81c103041a9cf3672cf33932) Importer(815301076,1909f56bfc062723c751e8b465ee728b)  -> (artifact id: 'ca60ada3c4bd60f6a83205ce40ccfe7c') in 0.014970 seconds 
  Import took 0.020289 seconds .

========================================================================
Received Import Request.
  Time since last request: 0.000290 seconds.
  path: Assets/3DObjects/stone-wall/textures/stone_wall_low_stone_wall_low_Metallic.jpg
  artifactKey: Guid(6522b913cb2b6d848a196530b1e2f269) Importer(815301076,1909f56bfc062723c751e8b465ee728b)
Start importing Assets/3DObjects/stone-wall/textures/stone_wall_low_stone_wall_low_Metallic.jpg using Guid(6522b913cb2b6d848a196530b1e2f269) Importer(815301076,1909f56bfc062723c751e8b465ee728b)  -> (artifact id: '85f841a71e4f57ed1c5500fafa9e3e4a') in 0.012990 seconds 
  Import took 0.019795 seconds .

========================================================================
Received Import Request.
  Time since last request: 9.660704 seconds.
  path: Assets/3DObjects/stone-wall/Materials
  artifactKey: Guid(e20177c66700e7842bbd88a618e0c93a) Importer(815301076,1909f56bfc062723c751e8b465ee728b)
Start importing Assets/3DObjects/stone-wall/Materials using Guid(e20177c66700e7842bbd88a618e0c93a) Importer(815301076,1909f56bfc062723c751e8b465ee728b)  -> (artifact id: 'cb37e09615d356b9fb73ddd93d47b41d') in 0.002443 seconds 
  Import took 0.010057 seconds .

========================================================================
Received Import Request.
  Time since last request: 0.055171 seconds.
  path: Assets/3DObjects/stone-wall/Materials/stone_wall_low_stone_wall_low_BaseColor.mat
  artifactKey: Guid(671841d8b232c864384e05619d283e6f) Importer(815301076,1909f56bfc062723c751e8b465ee728b)
Start importing Assets/3DObjects/stone-wall/Materials/stone_wall_low_stone_wall_low_BaseColor.mat using Guid(671841d8b232c864384e05619d283e6f) Importer(815301076,1909f56bfc062723c751e8b465ee728b)  -> (artifact id: '6cadf5e8e98b793bdca1090f6a1a7b57') in 0.013433 seconds 
  Import took 0.021463 seconds .

========================================================================
Received Import Request.
  Time since last request: 34.872089 seconds.
  path: Assets/Prefabs/WallRuine.prefab
  artifactKey: Guid(b3f64e77898c3b34c91884163c05fd2c) Importer(815301076,1909f56bfc062723c751e8b465ee728b)
Start importing Assets/Prefabs/WallRuine.prefab using Guid(b3f64e77898c3b34c91884163c05fd2c) Importer(815301076,1909f56bfc062723c751e8b465ee728b)  -> (artifact id: 'f187fe09e1b303874c09b4c835494059') in 0.019798 seconds 
  Import took 0.027342 seconds .

========================================================================
Received Import Request.
  Time since last request: 211.105151 seconds.
  path: Assets/3DObjects/rusty-fence-wall
  artifactKey: Guid(e98e256a6508ded4ba1e9c5a5c623729) Importer(815301076,1909f56bfc062723c751e8b465ee728b)
Start importing Assets/3DObjects/rusty-fence-wall using Guid(e98e256a6508ded4ba1e9c5a5c623729) Importer(815301076,1909f56bfc062723c751e8b465ee728b)  -> (artifact id: '7b002a8184ec9941ff78e61b5b560309') in 0.007641 seconds 
  Import took 0.019401 seconds .

========================================================================
Received Import Request.
  Time since last request: 9.453973 seconds.
  path: Assets/3DObjects/rusty-fence-wall/source
  artifactKey: Guid(92d1157551764c640a7c83884a046eaa) Importer(815301076,1909f56bfc062723c751e8b465ee728b)
Start importing Assets/3DObjects/rusty-fence-wall/source using Guid(92d1157551764c640a7c83884a046eaa) Importer(815301076,1909f56bfc062723c751e8b465ee728b)  -> (artifact id: '6593ef49321a2f5f2f1f7ba37e34ba51') in 0.001804 seconds 
  Import took 0.007684 seconds .

========================================================================
Received Import Request.
  Time since last request: 0.226288 seconds.
  path: Assets/3DObjects/rusty-fence-wall/source/fencewall.fbx
  artifactKey: Guid(7b0b851bce5fc8e409d0051bd98361e4) Importer(815301076,1909f56bfc062723c751e8b465ee728b)
Start importing Assets/3DObjects/rusty-fence-wall/source/fencewall.fbx using Guid(7b0b851bce5fc8e409d0051bd98361e4) Importer(815301076,1909f56bfc062723c751e8b465ee728b)  -> (artifact id: '0981e46eb690fe7c18a8391240228aed') in 0.672332 seconds 
  Import took 0.679019 seconds .

========================================================================
Received Import Request.
  Time since last request: 17.512709 seconds.
  path: Assets/3DObjects/rusty-fence-wall/textures/wire.png
  artifactKey: Guid(cb5dcced3634bda4da554fbdec142ed6) Importer(815301076,1909f56bfc062723c751e8b465ee728b)
Start importing Assets/3DObjects/rusty-fence-wall/textures/wire.png using Guid(cb5dcced3634bda4da554fbdec142ed6) Importer(815301076,1909f56bfc062723c751e8b465ee728b)  -> (artifact id: 'c599a7f568e897ee33f3d0c1faa89a2c') in 0.015697 seconds 
  Import took 0.023318 seconds .

========================================================================
Received Import Request.
  Time since last request: 0.809625 seconds.
  path: Assets/3DObjects/rusty-fence-wall/textures/chainfence_chain_Base_Color.png
  artifactKey: Guid(bf9d6665b07c4f44b894facb17c645a1) Importer(815301076,1909f56bfc062723c751e8b465ee728b)
Start importing Assets/3DObjects/rusty-fence-wall/textures/chainfence_chain_Base_Color.png using Guid(bf9d6665b07c4f44b894facb17c645a1) Importer(815301076,1909f56bfc062723c751e8b465ee728b)  -> (artifact id: 'b7314f48c2abf2f23fd737af00e297b1') in 0.112254 seconds 
  Import took 0.119836 seconds .

========================================================================
Received Import Request.
  Time since last request: 2.908039 seconds.
  path: Assets/3DObjects/rusty-fence-wall/textures
  artifactKey: Guid(d97f5ecb9174fb8409069d2a48783a5c) Importer(815301076,1909f56bfc062723c751e8b465ee728b)
Start importing Assets/3DObjects/rusty-fence-wall/textures using Guid(d97f5ecb9174fb8409069d2a48783a5c) Importer(815301076,1909f56bfc062723c751e8b465ee728b)  -> (artifact id: '0a4c6d40ee98c29ec5f9a1a7650c0c3c') in 0.002223 seconds 
  Import took 0.010567 seconds .

========================================================================
Received Import Request.
  Time since last request: 0.104946 seconds.
  path: Assets/3DObjects/rusty-fence-wall/textures/chainfence_chain_alpha.jpg
  artifactKey: Guid(b609e63f4d33395429a628958c63e982) Importer(815301076,1909f56bfc062723c751e8b465ee728b)
Start importing Assets/3DObjects/rusty-fence-wall/textures/chainfence_chain_alpha.jpg using Guid(b609e63f4d33395429a628958c63e982) Importer(815301076,1909f56bfc062723c751e8b465ee728b)  -> (artifact id: '1264babc31bc7506cd216e9ac4439319') in 0.014449 seconds 
  Import took 0.022721 seconds .

========================================================================
Received Import Request.
  Time since last request: 0.000394 seconds.
  path: Assets/3DObjects/rusty-fence-wall/textures/fencewall_base_b.png
  artifactKey: Guid(8b8cf35750bb3a242954dc9448e5451e) Importer(815301076,1909f56bfc062723c751e8b465ee728b)
Start importing Assets/3DObjects/rusty-fence-wall/textures/fencewall_base_b.png using Guid(8b8cf35750bb3a242954dc9448e5451e) Importer(815301076,1909f56bfc062723c751e8b465ee728b)  -> (artifact id: '6f51d90d8f635ed5557a7e5117a2c6f2') in 0.017961 seconds 
  Import took 0.024927 seconds .

========================================================================
Received Import Request.
  Time since last request: 0.000338 seconds.
  path: Assets/3DObjects/rusty-fence-wall/textures/fencewall_base_r.png
  artifactKey: Guid(f19af99fcbfee2243a1a0fbc41ad3a22) Importer(815301076,1909f56bfc062723c751e8b465ee728b)
Start importing Assets/3DObjects/rusty-fence-wall/textures/fencewall_base_r.png using Guid(f19af99fcbfee2243a1a0fbc41ad3a22) Importer(815301076,1909f56bfc062723c751e8b465ee728b)  -> (artifact id: 'b47641bd5d882d6353f0f57c126a7564') in 0.013892 seconds 
  Import took 0.020102 seconds .

========================================================================
Received Import Request.
  Time since last request: 0.000323 seconds.
  path: Assets/3DObjects/rusty-fence-wall/textures/fencewall_base_AO.png
  artifactKey: Guid(67a225dd527c2c04d8985337c152df72) Importer(815301076,1909f56bfc062723c751e8b465ee728b)
Start importing Assets/3DObjects/rusty-fence-wall/textures/fencewall_base_AO.png using Guid(67a225dd527c2c04d8985337c152df72) Importer(815301076,1909f56bfc062723c751e8b465ee728b)  -> (artifact id: '1978036be5f7cc0dbcc63dab25a5135b') in 0.012532 seconds 
  Import took 0.019148 seconds .

========================================================================
Received Import Request.
  Time since last request: 0.000358 seconds.
  path: Assets/3DObjects/rusty-fence-wall/textures/fencewall_base_met.png
  artifactKey: Guid(dcc6df9b07ea23c49881790b6ae261e0) Importer(815301076,1909f56bfc062723c751e8b465ee728b)
Start importing Assets/3DObjects/rusty-fence-wall/textures/fencewall_base_met.png using Guid(dcc6df9b07ea23c49881790b6ae261e0) Importer(815301076,1909f56bfc062723c751e8b465ee728b)  -> (artifact id: '1c11f2106d88cf01eeb29cb16631462b') in 0.012898 seconds 
  Import took 0.018590 seconds .

========================================================================
Received Import Request.
  Time since last request: 0.000302 seconds.
  path: Assets/3DObjects/rusty-fence-wall/textures/internal_ground_ao_texture.jpeg
  artifactKey: Guid(89398cbbf2804e2498b0e88b4f993703) Importer(815301076,1909f56bfc062723c751e8b465ee728b)
Start importing Assets/3DObjects/rusty-fence-wall/textures/internal_ground_ao_texture.jpeg using Guid(89398cbbf2804e2498b0e88b4f993703) Importer(815301076,1909f56bfc062723c751e8b465ee728b)  -> (artifact id: '4ec3accb2e6f0d6eca4fae44ce9b2120') in 0.015964 seconds 
  Import took 0.021298 seconds .

========================================================================
Received Import Request.
  Time since last request: 0.000313 seconds.
  path: Assets/3DObjects/rusty-fence-wall/textures/wire_alpha.jpg
  artifactKey: Guid(4be800fa347d04c468d1d46e8e049265) Importer(815301076,1909f56bfc062723c751e8b465ee728b)
Start importing Assets/3DObjects/rusty-fence-wall/textures/wire_alpha.jpg using Guid(4be800fa347d04c468d1d46e8e049265) Importer(815301076,1909f56bfc062723c751e8b465ee728b)  -> (artifact id: '3279f40e73b6b4b7e48b1df5e7b84e55') in 0.011027 seconds 
  Import took 0.016584 seconds .

========================================================================
Received Import Request.
  Time since last request: 9.160194 seconds.
  path: Assets/3DObjects/rusty-fence-wall/Materials
  artifactKey: Guid(92bf93eb49df77f4dbc21d6b1f564b74) Importer(815301076,1909f56bfc062723c751e8b465ee728b)
Start importing Assets/3DObjects/rusty-fence-wall/Materials using Guid(92bf93eb49df77f4dbc21d6b1f564b74) Importer(815301076,1909f56bfc062723c751e8b465ee728b)  -> (artifact id: 'b3f6c541013db219b67c285689c8ba38') in 0.002821 seconds 
  Import took 0.011228 seconds .

========================================================================
Received Import Request.
  Time since last request: 0.054262 seconds.
  path: Assets/3DObjects/rusty-fence-wall/Materials/chainfence_chain_alpha.mat
  artifactKey: Guid(20c7111ded4378f448ced50136d49818) Importer(815301076,1909f56bfc062723c751e8b465ee728b)
Start importing Assets/3DObjects/rusty-fence-wall/Materials/chainfence_chain_alpha.mat using Guid(20c7111ded4378f448ced50136d49818) Importer(815301076,1909f56bfc062723c751e8b465ee728b)  -> (artifact id: 'ad7b796a16b6e35e57e7cc790374f575') in 0.012861 seconds 
  Import took 0.020735 seconds .

========================================================================
Received Import Request.
  Time since last request: 318.485323 seconds.
  path: Assets/3DObjects/sci-fi-crate
  artifactKey: Guid(cc7265fe27555954aa8ef7c577d77a7f) Importer(815301076,1909f56bfc062723c751e8b465ee728b)
Start importing Assets/3DObjects/sci-fi-crate using Guid(cc7265fe27555954aa8ef7c577d77a7f) Importer(815301076,1909f56bfc062723c751e8b465ee728b)  -> (artifact id: '065916bc4a9e7e3d85deac40b5285207') in 0.007473 seconds 
  Import took 0.017312 seconds .

========================================================================
Received Import Request.
  Time since last request: 1.131938 seconds.
  path: Assets/3DObjects/sci-fi-crate/source
  artifactKey: Guid(438f900fd6823494f93f55660dc5d5c2) Importer(815301076,1909f56bfc062723c751e8b465ee728b)
Start importing Assets/3DObjects/sci-fi-crate/source using Guid(438f900fd6823494f93f55660dc5d5c2) Importer(815301076,1909f56bfc062723c751e8b465ee728b)  -> (artifact id: '3c5750af993c7720105b814b35507ba0') in 0.020186 seconds 
  Import took 0.027365 seconds .

========================================================================
Received Import Request.
  Time since last request: 0.037906 seconds.
  path: Assets/3DObjects/sci-fi-crate/source/Sci-fi Crate.dae
  artifactKey: Guid(c851d7d100918e240b15db07f7d150e1) Importer(815301076,1909f56bfc062723c751e8b465ee728b)
Start importing Assets/3DObjects/sci-fi-crate/source/Sci-fi Crate.dae using Guid(c851d7d100918e240b15db07f7d150e1) Importer(815301076,1909f56bfc062723c751e8b465ee728b)  -> (artifact id: '92b2e833094f64a3b5da3288143c6a46') in 0.042409 seconds 
  Import took 0.050130 seconds .

========================================================================
Received Import Request.
  Time since last request: 26.492047 seconds.
  path: Assets/3DObjects/medieval-asset-20-broken-wall
  artifactKey: Guid(0a0e2166c24bc3144b9f43e5075cd6df) Importer(815301076,1909f56bfc062723c751e8b465ee728b)
Start importing Assets/3DObjects/medieval-asset-20-broken-wall using Guid(0a0e2166c24bc3144b9f43e5075cd6df) Importer(815301076,1909f56bfc062723c751e8b465ee728b)  -> (artifact id: 'c84f4340525e8c50397188ead1b12172') in 0.007350 seconds 
  Import took 0.015367 seconds .

========================================================================
Received Import Request.
  Time since last request: 1.034351 seconds.
  path: Assets/3DObjects/medieval-asset-20-broken-wall/source
  artifactKey: Guid(5e40d1469a42a9e419633f5a0e862d32) Importer(815301076,1909f56bfc062723c751e8b465ee728b)
Start importing Assets/3DObjects/medieval-asset-20-broken-wall/source using Guid(5e40d1469a42a9e419633f5a0e862d32) Importer(815301076,1909f56bfc062723c751e8b465ee728b)  -> (artifact id: '90bd6069b064098d1ca064e052fdf3ed') in 0.002404 seconds 
  Import took 0.010034 seconds .

========================================================================
Received Import Request.
  Time since last request: 0.775143 seconds.
  path: Assets/3DObjects/medieval-asset-20-broken-wall/source/broken_wall.obj
  artifactKey: Guid(2def8a82df748204fac25a8279c8669f) Importer(815301076,1909f56bfc062723c751e8b465ee728b)
Start importing Assets/3DObjects/medieval-asset-20-broken-wall/source/broken_wall.obj using Guid(2def8a82df748204fac25a8279c8669f) Importer(815301076,1909f56bfc062723c751e8b465ee728b)  -> (artifact id: 'c62c38a0f25c49ffec962187e747f094') in 0.039920 seconds 
  Import took 0.047374 seconds .

========================================================================
Received Import Request.
  Time since last request: 13.249021 seconds.
  path: Assets/3DObjects/medieval-asset-20-broken-wall/textures
  artifactKey: Guid(adf8b9d559af8464b9d999e4e1e30af3) Importer(815301076,1909f56bfc062723c751e8b465ee728b)
Start importing Assets/3DObjects/medieval-asset-20-broken-wall/textures using Guid(adf8b9d559af8464b9d999e4e1e30af3) Importer(815301076,1909f56bfc062723c751e8b465ee728b)  -> (artifact id: 'a7330e96a66977e0f5094ec2d0c5acb1') in 0.002246 seconds 
  Import took 0.009654 seconds .

========================================================================
Received Import Request.
  Time since last request: 0.055596 seconds.
  path: Assets/3DObjects/medieval-asset-20-broken-wall/textures/terrain_texture.jpg
  artifactKey: Guid(35ae5e2b94ca2df47861d05edc2a39b7) Importer(815301076,1909f56bfc062723c751e8b465ee728b)
Start importing Assets/3DObjects/medieval-asset-20-broken-wall/textures/terrain_texture.jpg using Guid(35ae5e2b94ca2df47861d05edc2a39b7) Importer(815301076,1909f56bfc062723c751e8b465ee728b)  -> (artifact id: '6d4cb56ce8a7be4e8aa98dfa41fa82e8') in 0.015122 seconds 
  Import took 0.022370 seconds .

========================================================================
Received Import Request.
  Time since last request: 7.037722 seconds.
  path: Assets/3DObjects/medieval-asset-20-broken-wall/Materials
  artifactKey: Guid(a6559e259bc0b2c4093393d404490874) Importer(815301076,1909f56bfc062723c751e8b465ee728b)
Start importing Assets/3DObjects/medieval-asset-20-broken-wall/Materials using Guid(a6559e259bc0b2c4093393d404490874) Importer(815301076,1909f56bfc062723c751e8b465ee728b)  -> (artifact id: 'bf751c2d7b24288922e6fec74cab49ae') in 0.002586 seconds 
  Import took 0.010689 seconds .

========================================================================
Received Import Request.
  Time since last request: 0.021477 seconds.
  path: Assets/3DObjects/medieval-asset-20-broken-wall/Materials/terrain_texture.mat
  artifactKey: Guid(b1a49c0e98715484eb759261b9f8d4f5) Importer(815301076,1909f56bfc062723c751e8b465ee728b)
Start importing Assets/3DObjects/medieval-asset-20-broken-wall/Materials/terrain_texture.mat using Guid(b1a49c0e98715484eb759261b9f8d4f5) Importer(815301076,1909f56bfc062723c751e8b465ee728b)  -> (artifact id: '5ff30b6a0092a44e4114aa561870deb7') in 0.012594 seconds 
  Import took 0.020514 seconds .

========================================================================
Received Prepare
Registering precompiled user dll's ...
Registered in 0.008430 seconds.
Begin MonoManager ReloadAssembly
Native extension for WindowsStandalone target not found
Refreshing native plugins compatible for Editor in 0.71 ms, found 2 plugins.
Preloading 0 native plugins for Editor in 0.00 ms.
Mono: successfully reloaded assembly
- Completed reload, in  1.478 seconds
Domain Reload Profiling:
	ReloadAssembly (1479ms)
		BeginReloadAssembly (130ms)
			ExecutionOrderSort (0ms)
			DisableScriptedObjects (8ms)
			BackupInstance (0ms)
			ReleaseScriptingObjects (0ms)
			CreateAndSetChildDomain (42ms)
		EndReloadAssembly (1278ms)
			LoadAssemblies (106ms)
			RebuildTransferFunctionScriptingTraits (0ms)
			SetupTypeCache (478ms)
			ReleaseScriptCaches (2ms)
			RebuildScriptCaches (83ms)
			SetupLoadedEditorAssemblies (416ms)
				LogAssemblyErrors (0ms)
				InitializePlatformSupportModulesInManaged (5ms)
				SetLoadedEditorAssemblies (1ms)
				RefreshPlugins (1ms)
				BeforeProcessingInitializeOnLoad (122ms)
				ProcessInitializeOnLoadAttributes (261ms)
				ProcessInitializeOnLoadMethodAttributes (16ms)
				AfterProcessingInitializeOnLoad (11ms)
				EditorAssembliesLoaded (0ms)
			ExecutionOrderSort2 (0ms)
			AwakeInstancesAfterBackupRestoration (23ms)
Platform modules already initialized, skipping
Refreshing native plugins compatible for Editor in 0.74 ms, found 2 plugins.
Preloading 0 native plugins for Editor in 0.00 ms.
Unloading 3224 Unused Serialized files (Serialized files now loaded: 0)
System memory in use before: 164.7 MB.
System memory in use after: 164.9 MB.

Unloading 15 unused Assets to reduce memory usage. Loaded Objects now: 3918.
Total: 5.564200 ms (FindLiveObjects: 0.319600 ms CreateObjectMapping: 0.186400 ms MarkObjects: 5.022700 ms  DeleteObjects: 0.034000 ms)

AssetImportParameters requested are different than current active one (requested -> active):
  custom:framework-win-MediaFoundation: 216162199b28c13a410421893ffa2e32 -> 
  custom:video-decoder-ogg-theora: a1e56fd34408186e4bbccfd4996cb3dc -> 
  custom:container-muxer-webm: aa71ff27fc2769a1b78a27578f13a17b -> 
  custom:container-demuxer-webm: 4f35f7cbe854078d1ac9338744f61a02 -> 
  custom:container-demuxer-ogg: 62fdf1f143b41e24485cea50d1cbac27 -> 
  custom:video-encoder-webm-vp8: eb34c28f22e8b96e1ab97ce403110664 -> 
  custom:video-codec-MediaFoundation-h265: 746d11721c4dcdbdad8f713fa42b33f4 -> 
  custom:video-decoder-webm-vp8: 9c59270c3fd7afecdb556c50c9e8de78 -> 
  custom:audio-decoder-ogg-vorbis: bf7c407c2cedff20999df2af8eb42d56 -> 
  custom:audio-encoder-webm-vorbis: bf7c407c2cedff20999df2af8eb42d56 -> 
========================================================================
Received Prepare
Registering precompiled user dll's ...
Registered in 0.004597 seconds.
Begin MonoManager ReloadAssembly
Native extension for WindowsStandalone target not found
Refreshing native plugins compatible for Editor in 1.20 ms, found 2 plugins.
Preloading 0 native plugins for Editor in 0.00 ms.
Mono: successfully reloaded assembly
- Completed reload, in  1.290 seconds
Domain Reload Profiling:
	ReloadAssembly (1290ms)
		BeginReloadAssembly (124ms)
			ExecutionOrderSort (0ms)
			DisableScriptedObjects (5ms)
			BackupInstance (0ms)
			ReleaseScriptingObjects (0ms)
			CreateAndSetChildDomain (42ms)
		EndReloadAssembly (1100ms)
			LoadAssemblies (106ms)
			RebuildTransferFunctionScriptingTraits (0ms)
			SetupTypeCache (386ms)
			ReleaseScriptCaches (2ms)
			RebuildScriptCaches (89ms)
			SetupLoadedEditorAssemblies (355ms)
				LogAssemblyErrors (0ms)
				InitializePlatformSupportModulesInManaged (4ms)
				SetLoadedEditorAssemblies (1ms)
				RefreshPlugins (1ms)
				BeforeProcessingInitializeOnLoad (104ms)
				ProcessInitializeOnLoadAttributes (218ms)
				ProcessInitializeOnLoadMethodAttributes (17ms)
				AfterProcessingInitializeOnLoad (10ms)
				EditorAssembliesLoaded (0ms)
			ExecutionOrderSort2 (0ms)
			AwakeInstancesAfterBackupRestoration (25ms)
Platform modules already initialized, skipping
Refreshing native plugins compatible for Editor in 0.65 ms, found 2 plugins.
Preloading 0 native plugins for Editor in 0.00 ms.
Unloading 3223 Unused Serialized files (Serialized files now loaded: 0)
System memory in use before: 164.5 MB.
System memory in use after: 164.7 MB.

Unloading 15 unused Assets to reduce memory usage. Loaded Objects now: 3920.
Total: 4.402500 ms (FindLiveObjects: 0.419900 ms CreateObjectMapping: 0.229500 ms MarkObjects: 3.729500 ms  DeleteObjects: 0.022400 ms)

AssetImportParameters requested are different than current active one (requested -> active):
  custom:framework-win-MediaFoundation: 216162199b28c13a410421893ffa2e32 -> 
  custom:video-decoder-ogg-theora: a1e56fd34408186e4bbccfd4996cb3dc -> 
  custom:container-muxer-webm: aa71ff27fc2769a1b78a27578f13a17b -> 
  custom:container-demuxer-webm: 4f35f7cbe854078d1ac9338744f61a02 -> 
  custom:container-demuxer-ogg: 62fdf1f143b41e24485cea50d1cbac27 -> 
  custom:video-encoder-webm-vp8: eb34c28f22e8b96e1ab97ce403110664 -> 
  custom:video-codec-MediaFoundation-h265: 746d11721c4dcdbdad8f713fa42b33f4 -> 
  custom:video-decoder-webm-vp8: 9c59270c3fd7afecdb556c50c9e8de78 -> 
  custom:audio-decoder-ogg-vorbis: bf7c407c2cedff20999df2af8eb42d56 -> 
  custom:audio-encoder-webm-vorbis: bf7c407c2cedff20999df2af8eb42d56 -> 
AssetImportWorkerClient::OnTransportError - code=2 error=End of file
